         w __deregister_frame_info
         w __register_frame_info
         w userAppExit
         w userAppInit
00000000 00000401 B __ctru_dev_path_buf
00000000 a shift
00000000 a shift
00000000 b _TLS_MODULE_BASE_
00000404 00000802 B __ctru_dev_utf16_buf
00100000 A __start__
00100000 T _start
00100008 T __service_ptr
0010000c T __apt_appid
00100010 T __heap_size
00100014 T __linear_heap_size
00100018 T __system_arglist
0010001c T __system_runflags
00100020 t startup
00100058 t ClearMem
0010006c t ClrLoop
00100094 T _init
001000ac T __aeabi_idiv
001000ac 00000220 T __divsi3
001000b4 t .divsi3_skip_div0_test
001002cc 00000020 T __aeabi_idivmod
001002ec 00000004 W __aeabi_idiv0
001002ec 00000004 W __aeabi_ldiv0
001002f0 T __aeabi_ldivmod
001003c4 T __aeabi_uldivmod
00100408 00000390 T strcmp
00100790 T __aeabi_uidiv
00100790 000001ec T __udivsi3
00100790 t .udivsi3_skip_div0_test
0010097c 00000020 T __aeabi_uidivmod
0010099c T __aeabi_drsub
001009a4 000002b0 T __aeabi_dsub
001009a4 000002b0 T __subdf3
001009a8 000002ac T __adddf3
001009a8 000002ac T __aeabi_dadd
00100c54 00000024 T __aeabi_ui2d
00100c54 00000024 T __floatunsidf
00100c78 00000028 T __aeabi_i2d
00100c78 00000028 T __floatsidf
00100ca0 00000048 T __aeabi_f2d
00100ca0 00000048 T __extendsfdf2
00100ce8 00000074 T __aeabi_ul2d
00100ce8 00000074 T __floatundidf
00100cfc 00000060 T __aeabi_l2d
00100cfc 00000060 T __floatdidf
00100d5c t __do_global_dtors_aux
00100d9c t frame_dummy
00100dc8 00000030 T wait
00100df8 00000054 T waitOrCancel
00100e50 0000032c T main
0010117c 00000018 T consoleSelect
00101194 00000178 T consoleDrawChar
0010130c 00000124 T consolePrintChar
00101430 00000a00 T con_write
00101e30 00000168 T consoleInit
00101f98 000000f4 t newRow
0010208c 000000d0 t gfxPresentFramebuffer
0010215c 0000001c T gfxIsWide
00102178 000000ec T gfxSetScreenFormat
00102264 00000010 T gfxSetDoubleBuffering
00102274 00000108 T gfxInit
0010237c 00000010 T gfxInitDefault
0010238c 000000b4 T gfxExit
00102440 000000a0 T gfxGetFramebuffer
001024e0 0000010c T gfxFlushBuffers
001025ec 00000050 T gfxSwapBuffersGpu
0010263c 00000c58 t gspHardwareInit
00103294 00000254 T gspInit
001034e8 000000f0 T gspExit
001035d8 00000010 T gspHasGpuRight
001035e8 00000098 T gspPresentBuffer
00103680 00000050 T gspWaitForEvent
001036d0 00000004 W gxCmdQueueInterrupt
001036d4 00000160 t gspEventThreadMain
00103834 00000050 T GSPGPU_FlushDataCache
00103884 00000034 T GSPGPU_SetLcdForceBlack
001038b8 00000068 T GSPGPU_AcquireRight
00103920 0000002c T GSPGPU_RestoreVramSysArea
0010394c 000000a4 T amInit
001039f0 0000003c T amExit
00103a2c 00000048 T AM_GetTitleCount
00103a74 0000005c T AM_GetTitleList
00103ad0 0000007c T AM_GetTWLPartitionInfo
00103b4c 0000003c T AM_DeleteTitle
00103b88 00000038 T AM_DeleteTicket
00103bc0 00000024 W hidShouldUseIrrst
00103be4 0000018c T hidInit
00103d70 000000e8 T hidExit
00103e58 00000294 T hidScanInput
001040ec 00000010 T hidKeysDown
001040fc 000000c0 T utf8_to_utf16
001041bc 000000f0 W __system_initArgv
001042ac T svcControlMemory
001042cc T svcQueryMemory
001042fc T svcExitProcess
00104304 T svcCreateThread
00104324 T svcExitThread
0010432c T svcSleepThread
00104334 T svcReleaseMutex
0010433c T svcCreateEvent
00104350 T svcSignalEvent
00104358 T svcClearEvent
00104360 T svcMapMemoryBlock
00104368 T svcUnmapMemoryBlock
00104370 T svcCreateAddressArbiter
00104384 T svcArbitrateAddressNoTimeout
0010438c T svcCloseHandle
00104394 T svcWaitSynchronization
0010439c T svcWaitSynchronizationN
001043c4 T svcDuplicateHandle
001043d8 T svcGetSystemTick
001043e0 T svcConnectToPort
001043f4 T svcSendSyncRequest
001043fc T svcGetResourceLimit
00104410 T svcGetResourceLimitLimitValues
00104418 T svcGetResourceLimitCurrentValues
00104420 T svcBreak
00104428 W initSystem
00104478 W __ctru_exit
00104490 00000024 t addrMapNodeComparator(rbtree_node const*, rbtree_node const*)
001044b4 00000004 t addrMapNodeDestructor(rbtree_node*)
001044b8 00000114 T vramMemAlign
001045cc 00000008 T vramAlloc
001045d4 0000005c T vramFree
00104630 00000024 t addrMapNodeComparator(rbtree_node const*, rbtree_node const*)
00104654 00000004 t addrMapNodeDestructor(rbtree_node*)
00104658 00000120 T linearMemAlign
00104778 00000008 T linearAlloc
00104780 0000005c T linearFree
001047dc 00000084 T MemPool::CoalesceRight(MemBlock*)
00104860 00000170 T MemPool::Allocate(MemChunk&, unsigned long, int)
001049d0 000000fc T MemPool::Deallocate(MemChunk const&)
00104acc 0000000c T __sync_init
00104ad8 00000018 T __sync_fini
00104af0 0000002c T syncArbitrateAddress
00104b1c 0000001c T LightLock_Init
00104b38 00000094 T LightLock_Lock
00104bcc 00000044 T LightLock_TryLock
00104c10 00000040 T LightLock_Unlock
00104c50 00000024 T RecursiveLock_Init
00104c74 00000030 T RecursiveLock_Lock
00104ca4 00000078 T RecursiveLock_TryLock
00104d1c 00000054 T RecursiveLock_Unlock
00104d70 00000040 T LightEvent_Init
00104db0 000000a4 T LightEvent_Clear
00104e54 000000c8 T LightEvent_Signal
00104f1c 00000058 T LightEvent_TryWait
00104f74 000000b0 T LightEvent_Wait
00105024 00000124 T srvInit
00105148 00000058 T srvExit
001051a0 00000080 T srvGetServiceHandleDirect
00105220 00000048 T srvGetServiceHandle
00105268 00000038 T srvPublishToSubscriber
001052a0 00000188 T threadCreate
00105428 0000002c T threadFree
00105454 00000024 T threadJoin
00105478 00000030 T threadGetCurrent
001054a8 00000040 T threadExit
001054e8 00000044 t _thread_begin
0010552c 00000094 t mappableFindAddressWithin
001055c0 00000028 T mappableInit
001055e8 00000080 T mappableAlloc
00105668 00000004 T mappableFree
0010566c 00000160 T irrstInit
001057cc 000000cc T irrstExit
00105898 000000b0 T irrstScanInput
00105948 00000024 T irrstKeysHeld
0010596c 00000008 W aptDspSleep
00105974 00000004 W aptDspWakeup
00105978 00000004 W aptDspCancel
0010597c 0000015c T aptSendCommand
00105ad8 00000038 t aptExitProcess
00105b10 000002f0 T aptExit
00105e00 00000084 T APT_SleepIfShellClosed
00105e84 00000084 T APT_UnlockTransition
00105f08 00000484 t aptEventHandler
0010638c 000000b0 T APT_ReceiveParameter
0010643c 000000b0 t aptReceiveParameter.constprop.0
001064ec 000002d0 t aptWaitForWakeUp.isra.0
001067bc 00000234 T aptInit
001069f0 0000007c T APT_CheckNew3DS
00106a6c 0000000c T srvPmGetSessionHandle
00106a78 00000010 T rbtree_init
00106a88 000001a0 t do_insert
00106c28 00000008 T rbtree_insert
00106c30 00000090 T rbtree_rotate
00106cc0 00000338 T rbtree_remove
00106ff8 00000074 T rbtree_find
0010706c 00000060 T encode_utf16
001070cc 0000013c T decode_utf8
00107208 00000030 W __appInit
00107238 000001e0 W __system_allocateHeaps
00107418 00000030 W __appExit
00107448 00000038 W __libctru_init
00107480 00000090 W __libctru_exit
00107510 00000084 W envGetHandle
00107594 00000050 W envDestroyHandles
001075e4 00000054 T osGetTimeRef
00107638 000000e4 T osGetTime
0010771c 00000074 T __libctru_gtod
00107790 00000034 T __ctru_speedup_config
001077c4 00000014 t archive_link
001077d8 00000014 t archive_dirreset
001077ec 00000014 t archive_chmod
00107800 00000024 t error_cmp
00107824 00000050 t archive_translate_error
00107874 000000d4 t archive_seek
00107948 0000007c t _archiveInit.part.0
001079c4 0000008c t archiveFindDevice.part.0
00107a50 00000294 t archive_utf16path
00107ce4 000000a0 t _archiveUnmountDeviceStruct.part.0
00107d84 00000014 t archive_fchmod
00107d98 00000014 t archive_statvfs
00107dac 00000158 t _archiveMountDevice
00107f04 000000e8 t archive_diropen
00107fec 000000a4 t archive_fstat
00108090 0000006c t archive_close
001080fc 0000006c t archive_fsync
00108168 00000070 t archive_dirclose
001081d8 000000e8 t sdmc_statvfs
001082c0 00000080 t archive_ftruncate
00108340 000000fc t archive_chdir
0010843c 000000b0 t archive_read
001084ec 000000ac t archive_unlink
00108598 000000c8 t archive_rmdir
00108660 000000ec t archive_mkdir
0010874c 000001a8 t archive_stat
001088f4 00000184 t archive_rename
00108a78 00000168 t archive_dirnext
00108be0 0000012c t archive_write
00108d0c 000001f0 t archive_open
00108efc 000001a4 T archiveMountSdmc
001090a0 00000054 T archiveUnmountAll
001090f4 00000074 T ptmSysmInit
00109168 0000003c T ptmSysmExit
001091a4 00000034 T PTMSYSM_ConfigureNew3DSCPU
001091d8 000000c8 T fsInit
001092a0 0000003c T fsExit
001092dc 00000060 T fsExemptFromSession
0010933c 00000050 T fsUnexemptFromSession
0010938c 000000cc T FSUSER_OpenFile
00109458 000000bc T FSUSER_DeleteFile
00109514 000000f8 T FSUSER_RenameFile
0010960c 000000bc T FSUSER_DeleteDirectory
001096c8 000000d4 T FSUSER_CreateFile
0010979c 000000c4 T FSUSER_CreateDirectory
00109860 000000f8 T FSUSER_RenameDirectory
00109958 000000b4 T FSUSER_OpenDirectory
00109a0c 00000094 T FSUSER_OpenArchive
00109aa0 0000008c T FSUSER_CloseArchive
00109b2c 00000074 T FSUSER_GetSdmcArchiveResource
00109ba0 00000064 T FSUSER_IsSdmcWritable
00109c04 00000058 T FSFILE_Read
00109c5c 00000060 T FSFILE_Write
00109cbc 00000038 T FSFILE_GetSize
00109cf4 00000028 T FSFILE_SetSize
00109d1c 0000003c T FSFILE_Close
00109d58 00000024 T FSFILE_Flush
00109d7c 00000050 T FSDIR_Read
00109dcc 0000003c T FSDIR_Close
00109e08 00000050 T rbtree_node_next
00109e58 000000e8 T utf16_to_utf8
00109f40 00000064 T decode_utf16
00109fa4 00000030 t __libctru_nanosleep
00109fd4 00000030 t __libctru_get_reent
0010a004 000000f8 T __system_initSyscalls
0010a0fc T __aeabi_read_tp
0010a108 000000fc T encode_utf8
0010a204 00000120 T __udivmoddi4
0010a324 00000078 T bsearch
0010a39c 00000028 T calloc
0010a3c4 00000094 T _calloc_r
0010a458 0000000c T __errno
0010a464 00000034 T exit
0010a498 0000003c T __libc_fini_array
0010a4d4 0000007c T __libc_init_array
0010a550 00000028 T memalign
0010a578 00000148 T _memalign_r
0010a6c0 00000020 T malloc
0010a6e0 00000020 T free
0010a700 000007f0 T _malloc_r
0010aef0 000000e0 T memchr
0010afd0 0000011c T memcpy
0010b0ec 00000118 T memset
0010b204 0000000c T __malloc_lock
0010b210 0000000c T __malloc_unlock
0010b21c 00000034 T printf
0010b250 000000e0 T _puts_r
0010b330 00000020 T puts
0010b350 00000260 T setvbuf
0010b5b0 00000074 T sscanf
0010b624 00000044 T __sread
0010b668 00000008 T __seofread
0010b670 00000068 T __swrite
0010b6d8 00000048 T __sseek
0010b720 00000008 T __sclose
0010b728 0000005c T strlen
0010b784 000000ec T strncat
0010b870 000000dc T strncmp
0010b94c 000000c0 T strncpy
0010ba0c 00000048 T strnlen
0010ba54 00000050 t get_arg
0010baa4 00002b68 T __ssvfscanf_r
0010e60c 0000064c t get_arg
0010ec58 00000034 T __sprint_r
0010ec8c 00002584 T _vfiprintf_r
00111210 000000d4 t __sbprintf
001112e4 0000064c t get_arg
00111930 000038d4 T _vfprintf_r
00115204 000000d4 t __sbprintf
001152d8 00000054 T _wcrtomb_r
0011532c 00000028 T _wcsrtombs_r
00115354 00000154 T __swsetup_r
001154a8 00000114 T __call_exitprocs
001155bc 000001a8 t quorem
00115768 000012ec T _dtoa_r
00116a54 00000258 T __sflush_r
00116cac 00000094 T _fflush_r
00116d40 0000000c T _cleanup_r
00116d4c 00000184 T __sinit
00116ed0 0000000c T __sfp_lock_acquire
00116edc 0000000c T __sfp_lock_release
00116ee8 000000f8 T _malloc_trim_r
00116fe0 000002e4 T _free_r
001172c4 000004a4 T __sfvwrite_r
00117768 00000070 T _fwalk_reent
001177d8 00000008 T iswspace
001177e0 0000000c T _localeconv_r
001177ec 00000010 T __locale_mb_cur_max
001177fc 00000138 T __smakebuf_r
00117934 00000094 T __swhatbuf_r
001179c8 00000068 T _mbrtowc_r
00117a30 000002fc T __utf8_mbtowc
00117d2c 00000154 T memmove
00117e80 00000088 T _Balloc
00117f08 0000001c T _Bfree
00117f24 000000f4 T __multadd
00118018 00000110 T __s2b
00118128 00000058 T __hi0bits
00118180 0000009c T __lo0bits
0011821c 000000a4 T __i2b
001182c0 00000204 T __multiply
001184c4 00000120 T __pow5mult
001185e4 0000013c T __lshift
00118720 00000058 T __mcmp
00118778 000001cc T __mdiff
00118944 00000088 T __ulp
001189cc 000000d4 T __b2d
00118aa0 0000012c T __d2b
00118bcc 00000078 T __ratio
00118c44 00000088 T __copybits
00118ccc 0000005c T __any_on
00118d28 00000028 T realloc
00118d50 00000598 T _realloc_r
001192e8 000000e4 T __sccl
001193cc 0000000c T nanf
001193d8 000000a8 T frexp
00119480 00000064 T sprintf
001194e4 000000b8 T stpncpy
0011959c 00000144 T strchr
001196e0 0000130c T _strtod_l
0011a9ec 0000000c T _strtod_r
0011a9f8 0000022c t _strtoll_l.constprop.0
0011ac24 00000004 T _strtoll_r
0011ac28 000001b0 t _strtol_l.part.0
0011add8 0000003c T _strtol_r
0011ae14 00000244 t _strtoull_l.constprop.0
0011b058 00000004 T _strtoull_r
0011b05c 000001c8 t _strtoul_l.constprop.0
0011b224 00000004 T _strtoul_r
0011b228 00000188 T __ssprint_r
0011b3b0 000000e0 T _sungetc_r
0011b490 0000006c T __ssrefill_r
0011b4fc 000000c8 T _sfread_r
0011b5c4 0000064c t get_arg
0011bc10 00003808 T _svfprintf_r
0011f418 000000a8 T __submore
0011f4c0 00000190 T _wcsnrtombs_l
0011f650 0000004c T _wcsnrtombs_r
0011f69c 000000f0 T __utf8_wctomb
0011f78c 0000005c T __assert_func
0011f7e8 00000160 T _fclose_r
0011f948 0000003c T fiprintf
0011f984 000000ec t rshift
0011fa70 00000928 T __gethex
00120398 0000004c T __match
001203e4 0000029c T __hexnan
00120680 0000003c T iswspace_l
001206bc 000001d4 t __jp2uc
00120890 0000009c T _jp2uc_l
00120930 00000010 T nan
00120940 00000014 T abort
00120954 00000084 T category
001209d8 00000098 T _raise_r
00120a70 00000020 T raise
00120a90 00000008 t null_write
00120a98 00000018 T setDefaultDevice
00120ab0 000000c8 T FindDevice
00120b78 00000028 T RemoveDevice
00120ba0 0000009c T AddDevice
00120c3c 00000020 T GetDeviceOpTab
00120c5c 00000078 T _fstat_r
00120cd4 00000014 T _getpid_r
00120ce8 00000008 T _isatty_r
00120cf0 00000014 T _kill_r
00120d04 00000084 T _lseek_r
00120d88 00000080 T _read_r
00120e08 00000078 T _sbrk_r
00120e80 00000080 T _write_r
00120f00 00000024 T _exit
00120f24 000001b8 T _concatenate_path
001210dc 00000160 T chdir
0012123c 00000008 T __flockfile
00121244 00000008 T __funlockfile
0012124c 00000018 T __libc_lock_acquire
00121264 00000018 T __libc_lock_release
0012127c 00000018 T __libc_lock_init_recursive
00121294 00000018 T __libc_lock_acquire_recursive
001212ac 00000018 T __libc_lock_release_recursive
001212c4 00000018 T __libc_lock_close_recursive
001212dc 0000003c T __get_handle
00121318 000000f4 T _close_r
0012140c 00000028 T __getreent
00121434 00000038 T __aeabi_d2lz
00121434 00000038 T __fixdfdi
00121470 00000040 T __aeabi_d2ulz
00121470 00000040 T __fixunsdfdi
001214b0 00000044 T strrchr
001214f4 T _fini
00122228 00000030 r colorTable
00122258 00000070 r dotab_stdout
00122304 R default_font_bin
00122b04 R default_font_bin_end
00122b2c 00000008 r s_sleepWakeEvents.4
00122b50 00000070 r archive_devoptab
00122bc0 00000030 r error_table
00122c04 00000004 R _global_impure_ptr
00122c10 00000022 r basefix.0
00122c5c 00000010 r blanks.1
00122c6c 00000010 r zeroes.0
00122c90 00000010 r blanks.1
00122ca0 00000010 r zeroes.0
00122cb0 00000101 R _ctype_
00122dc4 r .LC2
00122ea8 00000028 R __mprec_bigtens
00122ed0 000000c8 R __mprec_tens
00122f98 0000000c r p05.0
00122fb4 00000014 r fpi.1
00122fc8 00000014 r fpinan.0
00122fe0 00000028 r tinytens
00123008 0000006c R __action_table
00123074 00000100 R __chclass
00123174 0000006c R __state_table
001231e0 00000010 r blanks.1
001231f0 00000010 r zeroes.0
00123288 00000100 R __hexdig
0012339c 000000bc r a1
00123458 000000bc r a2
00123514 0000005b r a3
00123570 00000070 r a6
001235e0 000000a2 r a7
00123684 00000040 r a8
001236c4 0000172a r b02cf
00124df0 00001a7c r d02f4
0012686c 0000000c R _C_numeric_locale
00126878 000031e6 r categories
00129a60 00000070 R dotab_stdnull
00129ad0 r 
00129ad0 R __exidx_end
00129ad0 R __exidx_start
0012a000 00000030 D systemApps
0012a030 00000004 D currentConsole
0012a034 0000004c D defaultConsole
0012a080 00000001 d firstConsoleInit.0
0012a084 00000004 d kCount
0012a088 00000004 d kDelay
0012a08c 00000004 d kInterval
0012a090 W __stacksize__
0012a094 00000004 D _impure_ptr
0012a098 00000460 d impure_data
0012a4f8 00000408 D __malloc_av_
0012a900 00000004 D __malloc_sbrk_base
0012a904 00000004 D __malloc_trim_threshold
0012a908 0000000c d __malloc_recursive_mutex
0012a914 0000000c D __atexit_recursive_mutex
0012a920 0000000c d __sfp_recursive_mutex
0012a92c 0000000c d __sinit_recursive_mutex
0012a938 0000016c D __global_locale
0012aaa4 00000002 d numempty
0012aaa8 00000004 d defaultDevice
0012aaac 0000008c D devoptab_list
0012ab38 00000400 d _current_working_directory
0012af38 00000004 d __hndl_lock
0012af3c 0000000c d __stderr_handle
0012af48 0000000c d __stdin_handle
0012af54 0000000c d __stdout_handle
0012af60 00001000 d handles
0012bf68 d _GLOBAL_OFFSET_TABLE_
0012bf74 d __frame_dummy_init_array_entry
0012bf74 D __init_array_start
0012bf74 B __preinit_array_end
0012bf74 B __preinit_array_start
0012bf74 D __tdata_lma
0012bf74 D __tdata_lma_end
0012bf78 d __do_global_dtors_aux_fini_array_entry
0012bf78 D __fini_array_start
0012bf78 D __init_array_end
0012bf7c D __bss_start__
0012bf7c D __fini_array_end
0012bf80 0000004c B topScreen
0012bfcc 0000004c B bottomScreen
0012c018 00000020 B info
0012c038 b completed.1
0012c03c b object.0
0012c054 0000004c B currentCopy
0012c0a0 00000004 b gfxBottomFramebufferMaxSize
0012c0a4 00000008 b gfxBottomFramebuffers
0012c0ac 00000002 b gfxCurBuf
0012c0b0 00000002 b gfxFramebufferFormats
0012c0b4 00000002 b gfxIsDoubleBuf
0012c0b6 00000001 b gfxIsVram
0012c0b8 00000004 b gfxTopFramebufferMaxSize
0012c0bc 00000008 b gfxTopFramebuffers
0012c0c4 00000001 b gfxTopMode
0012c0c8 00000004 b screenAlloc
0012c0cc 00000004 b screenFree
0012c0d0 00000004 b gspEvent
0012c0d4 0000001c b gspEventCb
0012c0f0 0000001c b gspEventCbData
0012c10c 00000007 b gspEventCbOneShot
0012c114 00000004 b gspEventThread
0012c118 00000038 b gspEvents
0012c150 00000004 b gspGpuHandle
0012c154 00000001 b gspGpuRight
0012c158 00000004 b gspLastEvent
0012c15c 00000004 b gspRefCount
0012c160 00000001 b gspRunEvents
0012c164 00000004 b gspSharedMem
0012c168 00000004 b gspSharedMemHandle
0012c16c 00000001 b gspThreadId
0012c170 00000004 b amHandle
0012c174 00000004 b amRefCount
0012c178 00000006 b aVec
0012c180 00000004 b cPos
0012c184 00000006 b gRate
0012c18c 00000014 B hidEvents
0012c1a0 00000004 B hidHandle
0012c1a4 00000004 B hidMemHandle
0012c1a8 00000004 b hidRefCount
0012c1ac 00000004 B hidSharedMem
0012c1b0 00000004 b kDown
0012c1b4 00000004 b kHeld
0012c1b8 00000004 b kOld
0012c1bc 00000004 b kRepeat
0012c1c0 00000004 b kUp
0012c1c4 00000004 b tPos
0012c1c8 00000001 b usingIrrst
0012c1cc 00000004 B __system_argc
0012c1d0 00000004 B __system_argv
0012c1d4 b saved_stack
0012c1dc 0000000c b sAddrMap
0012c1e8 00000008 b sVramPool
0012c1f0 00000008 b sLinearPool
0012c1f8 0000000c b sAddrMap
0012c204 00000004 b arbiter
0012c208 00000004 b srvHandle
0012c20c 00000004 b srvRefCount
0012c210 00000004 b currentAddr
0012c214 00000004 b maxAddr
0012c218 00000004 b minAddr
0012c21c 00000004 b csPos
0012c220 00000004 B irrstEvent
0012c224 00000004 B irrstHandle
0012c228 00000004 B irrstMemHandle
0012c22c 00000004 b irrstRefCount
0012c230 00000004 B irrstSharedMem
0012c234 00000004 b kHeld
0012c238 00000001 b aptChainloadFlags
0012c239 00000001 b aptChainloadMediatype
0012c240 00000008 b aptChainloadTid
0012c248 00000004 b aptEventHandlerThread
0012c24c 00000001 b aptEventHandlerThreadQuit
0012c250 00000008 b aptEvents
0012c258 0000000c b aptFirstHook
0012c264 00000004 b aptFlags
0012c268 00000001 b aptHomeButtonState
0012c26c 00000004 b aptLockHandle
0012c270 00000004 b aptMessageFunc
0012c274 00000004 b aptMessageFuncData
0012c278 00001000 b aptParameters
0012d278 00000008 b aptReceiveEvent
0012d280 00000004 b aptRefCount
0012d284 00000008 b aptSleepEvent
0012d28c 00000001 b flagInit.1
0012d28d 00000001 b flagValue.0
0012d290 00000004 b serviceName.6
0012d294 00000004 b srvPmHandle
0012d298 00000004 B __ctru_heap
0012d29c 00000004 V __ctru_heap_size
0012d2a0 00000004 B __ctru_linear_heap
0012d2a4 00000004 V __ctru_linear_heap_size
0012d2a8 00000004 B __system_retAddr
0012d2ac 00000001 V __ctru_speedup
0012d2b0 00000004 b archive_device_cwd
0012d2b8 00000540 b archive_devices
0012d7f8 00000001 b archive_initialized
0012d7fc 00000004 b ptmSysmHandle
0012d800 00000004 b ptmSysmRefCount
0012d808 00000080 b fsExemptArchives
0012d888 00000004 b fsuHandle
0012d88c 00000004 b fsuRefCount
0012d890 00000028 B __malloc_current_mallinfo
0012d8b8 00000004 B __malloc_max_sbrked_mem
0012d8bc 00000004 B __malloc_max_total_mem
0012d8c0 00000004 B __malloc_top_pad
0012d8c4 00000004 b heap_start.0
0012d8c8 00000004 B fake_heap_end
0012d8cc 00000004 B fake_heap_start
0012d8d0 00000400 b temp_cwd
0012dcd0 00000048 B __syscalls
0012dd18 B __tls_start
0012e920 B __bss_end__
0012e920 A __end__
0012e920 B __tls_end
